# JRE version: OpenJDK Runtime Environment Temurin-17.0.1+12 (17.0.1+12) (build 17.0.1+12)
# Java VM: OpenJDK 64-Bit Server VM Temurin-17.0.1+12 (17.0.1+12, mixed mode, tiered, compressed oops, compressed class ptrs, parallel gc, windows-amd64)
GC Precious Log:
 CPUs: 4 total, 4 available
 Memory: 8040M
 Large Page Support: Disabled
 NUMA Support: Disabled
 Compressed Oops: Enabled (32-bit)
 Alignments: Space 512K, Generation 512K, Heap 2M
 Heap Min Capacity: 100M
 Heap Initial Capacity: 100M
 Heap Max Capacity: 1G
 Pre-touch: Disabled
 Parallel Workers: 4
Heap:
 PSYoungGen      total 16896K, used 747K [0x00000000eab00000, 0x00000000ebf80000, 0x0000000100000000)
  eden space 12800K, 5% used [0x00000000eab00000,0x00000000eabbad88,0x00000000eb780000)
  from space 4096K, 0% used [0x00000000eb780000,0x00000000eb780000,0x00000000ebb80000)
  to   space 4096K, 0% used [0x00000000ebb80000,0x00000000ebb80000,0x00000000ebf80000)
 ParOldGen       total 82944K, used 55703K [0x00000000c0000000, 0x00000000c5100000, 0x00000000eab00000)
  object space 82944K, 67% used [0x00000000c0000000,0x00000000c3665cc8,0x00000000c5100000)
 Metaspace       used 67655K, committed 68672K, reserved 1114112K
  class space    used 6982K, committed 7424K, reserved 1048576K
GC Heap History (20 events):
Event: 34.486 GC heap after
{Heap after GC invocations=44 (full 3):
 PSYoungGen      total 18432K, used 856K [0x00000000eab00000, 0x00000000ec000000, 0x0000000100000000)
  eden space 17408K, 0% used [0x00000000eab00000,0x00000000eab00000,0x00000000ebc00000)
  from space 1024K, 83% used [0x00000000ebc80000,0x00000000ebd56200,0x00000000ebd80000)
  to   space 1536K, 0% used [0x00000000ebe80000,0x00000000ebe80000,0x00000000ec000000)
 ParOldGen       total 68608K, used 61811K [0x00000000c0000000, 0x00000000c4300000, 0x00000000eab00000)
  object space 68608K, 90% used [0x00000000c0000000,0x00000000c3c5cd68,0x00000000c4300000)
 Metaspace       used 65168K, committed 66176K, reserved 1114112K
  class space    used 6799K, committed 7232K, reserved 1048576K
}
Event: 34.997 GC heap before
{Heap before GC invocations=45 (full 3):
 PSYoungGen      total 18432K, used 18255K [0x00000000eab00000, 0x00000000ec000000, 0x0000000100000000)
  eden space 17408K, 99% used [0x00000000eab00000,0x00000000ebbfdc80,0x00000000ebc00000)
  from space 1024K, 83% used [0x00000000ebc80000,0x00000000ebd56200,0x00000000ebd80000)
  to   space 1536K, 0% used [0x00000000ebe80000,0x00000000ebe80000,0x00000000ec000000)
 ParOldGen       total 68608K, used 61811K [0x00000000c0000000, 0x00000000c4300000, 0x00000000eab00000)
  object space 68608K, 90% used [0x00000000c0000000,0x00000000c3c5cd68,0x00000000c4300000)
 Metaspace       used 65294K, committed 66304K, reserved 1114112K
  class space    used 6800K, committed 7232K, reserved 1048576K
}
Event: 35.001 GC heap after
{Heap after GC invocations=45 (full 3):
 PSYoungGen      total 18432K, used 1520K [0x00000000eab00000, 0x00000000ec200000, 0x0000000100000000)
  eden space 16896K, 0% used [0x00000000eab00000,0x00000000eab00000,0x00000000ebb80000)
  from space 1536K, 98% used [0x00000000ebe80000,0x00000000ebffc010,0x00000000ec000000)
  to   space 3072K, 0% used [0x00000000ebb80000,0x00000000ebb80000,0x00000000ebe80000)
 ParOldGen       total 68608K, used 62749K [0x00000000c0000000, 0x00000000c4300000, 0x00000000eab00000)
  object space 68608K, 91% used [0x00000000c0000000,0x00000000c3d47440,0x00000000c4300000)
 Metaspace       used 65294K, committed 66304K, reserved 1114112K
  class space    used 6800K, committed 7232K, reserved 1048576K
}
Event: 36.015 GC heap before
{Heap before GC invocations=46 (full 3):
 PSYoungGen      total 18432K, used 18416K [0x00000000eab00000, 0x00000000ec200000, 0x0000000100000000)
  eden space 16896K, 100% used [0x00000000eab00000,0x00000000ebb80000,0x00000000ebb80000)
  from space 1536K, 98% used [0x00000000ebe80000,0x00000000ebffc010,0x00000000ec000000)
  to   space 3072K, 0% used [0x00000000ebb80000,0x00000000ebb80000,0x00000000ebe80000)
 ParOldGen       total 68608K, used 62749K [0x00000000c0000000, 0x00000000c4300000, 0x00000000eab00000)
  object space 68608K, 91% used [0x00000000c0000000,0x00000000c3d47440,0x00000000c4300000)
 Metaspace       used 65555K, committed 66496K, reserved 1114112K
  class space    used 6821K, committed 7232K, reserved 1048576K
}
Event: 36.019 GC heap after
{Heap after GC invocations=46 (full 3):
 PSYoungGen      total 18432K, used 1248K [0x00000000eab00000, 0x00000000ebf80000, 0x0000000100000000)
  eden space 16896K, 0% used [0x00000000eab00000,0x00000000eab00000,0x00000000ebb80000)
  from space 1536K, 81% used [0x00000000ebb80000,0x00000000ebcb8000,0x00000000ebd00000)
  to   space 2048K, 0% used [0x00000000ebd80000,0x00000000ebd80000,0x00000000ebf80000)
 ParOldGen       total 68608K, used 64177K [0x00000000c0000000, 0x00000000c4300000, 0x00000000eab00000)
  object space 68608K, 93% used [0x00000000c0000000,0x00000000c3eac450,0x00000000c4300000)
 Metaspace       used 65555K, committed 66496K, reserved 1114112K
  class space    used 6821K, committed 7232K, reserved 1048576K
}
Event: 37.556 GC heap before
{Heap before GC invocations=47 (full 3):
 PSYoungGen      total 18432K, used 18142K [0x00000000eab00000, 0x00000000ebf80000, 0x0000000100000000)
  eden space 16896K, 99% used [0x00000000eab00000,0x00000000ebb7fb08,0x00000000ebb80000)
  from space 1536K, 81% used [0x00000000ebb80000,0x00000000ebcb8000,0x00000000ebd00000)
  to   space 2048K, 0% used [0x00000000ebd80000,0x00000000ebd80000,0x00000000ebf80000)
 ParOldGen       total 68608K, used 64177K [0x00000000c0000000, 0x00000000c4300000, 0x00000000eab00000)
  object space 68608K, 93% used [0x00000000c0000000,0x00000000c3eac450,0x00000000c4300000)
 Metaspace       used 65703K, committed 66752K, reserved 1114112K
  class space    used 6826K, committed 7232K, reserved 1048576K
}
Event: 37.559 GC heap after
{Heap after GC invocations=47 (full 3):
 PSYoungGen      total 18432K, used 1216K [0x00000000eab00000, 0x00000000ebf00000, 0x0000000100000000)
  eden space 16896K, 0% used [0x00000000eab00000,0x00000000eab00000,0x00000000ebb80000)
  from space 1536K, 79% used [0x00000000ebd80000,0x00000000ebeb0000,0x00000000ebf00000)
  to   space 1536K, 0% used [0x00000000ebb80000,0x00000000ebb80000,0x00000000ebd00000)
 ParOldGen       total 68608K, used 65369K [0x00000000c0000000, 0x00000000c4300000, 0x00000000eab00000)
  object space 68608K, 95% used [0x00000000c0000000,0x00000000c3fd6460,0x00000000c4300000)
 Metaspace       used 65703K, committed 66752K, reserved 1114112K
  class space    used 6826K, committed 7232K, reserved 1048576K
}
Event: 40.555 GC heap before
{Heap before GC invocations=48 (full 3):
 PSYoungGen      total 18432K, used 18112K [0x00000000eab00000, 0x00000000ebf00000, 0x0000000100000000)
  eden space 16896K, 100% used [0x00000000eab00000,0x00000000ebb80000,0x00000000ebb80000)
  from space 1536K, 79% used [0x00000000ebd80000,0x00000000ebeb0000,0x00000000ebf00000)
  to   space 1536K, 0% used [0x00000000ebb80000,0x00000000ebb80000,0x00000000ebd00000)
 ParOldGen       total 68608K, used 65369K [0x00000000c0000000, 0x00000000c4300000, 0x00000000eab00000)
  object space 68608K, 95% used [0x00000000c0000000,0x00000000c3fd6460,0x00000000c4300000)
 Metaspace       used 65954K, committed 66944K, reserved 1114112K
  class space    used 6829K, committed 7232K, reserved 1048576K
}
Event: 40.559 GC heap after
{Heap after GC invocations=48 (full 3):
 PSYoungGen      total 18432K, used 768K [0x00000000eab00000, 0x00000000ebe00000, 0x0000000100000000)
  eden space 16896K, 0% used [0x00000000eab00000,0x00000000eab00000,0x00000000ebb80000)
  from space 1536K, 50% used [0x00000000ebb80000,0x00000000ebc40000,0x00000000ebd00000)
  to   space 1024K, 0% used [0x00000000ebd00000,0x00000000ebd00000,0x00000000ebe00000)
 ParOldGen       total 68608K, used 66513K [0x00000000c0000000, 0x00000000c4300000, 0x00000000eab00000)
  object space 68608K, 96% used [0x00000000c0000000,0x00000000c40f4470,0x00000000c4300000)
 Metaspace       used 65954K, committed 66944K, reserved 1114112K
  class space    used 6829K, committed 7232K, reserved 1048576K
}
Event: 42.415 GC heap before
{Heap before GC invocations=49 (full 3):
 PSYoungGen      total 18432K, used 17664K [0x00000000eab00000, 0x00000000ebe00000, 0x0000000100000000)
  eden space 16896K, 100% used [0x00000000eab00000,0x00000000ebb80000,0x00000000ebb80000)
  from space 1536K, 50% used [0x00000000ebb80000,0x00000000ebc40000,0x00000000ebd00000)
  to   space 1024K, 0% used [0x00000000ebd00000,0x00000000ebd00000,0x00000000ebe00000)
 ParOldGen       total 68608K, used 66513K [0x00000000c0000000, 0x00000000c4300000, 0x00000000eab00000)
  object space 68608K, 96% used [0x00000000c0000000,0x00000000c40f4470,0x00000000c4300000)
 Metaspace       used 66442K, committed 67456K, reserved 1114112K
  class space    used 6879K, committed 7296K, reserved 1048576K
}
Event: 42.418 GC heap after
{Heap after GC invocations=49 (full 3):
 PSYoungGen      total 16896K, used 1024K [0x00000000eab00000, 0x00000000ec080000, 0x0000000100000000)
  eden space 15872K, 0% used [0x00000000eab00000,0x00000000eab00000,0x00000000eba80000)
  from space 1024K, 100% used [0x00000000ebd00000,0x00000000ebe00000,0x00000000ebe00000)
  to   space 2560K, 0% used [0x00000000eba80000,0x00000000eba80000,0x00000000ebd00000)
 ParOldGen       total 68608K, used 67417K [0x00000000c0000000, 0x00000000c4300000, 0x00000000eab00000)
  object space 68608K, 98% used [0x00000000c0000000,0x00000000c41d6470,0x00000000c4300000)
 Metaspace       used 66442K, committed 67456K, reserved 1114112K
  class space    used 6879K, committed 7296K, reserved 1048576K
}
Event: 44.252 GC heap before
{Heap before GC invocations=50 (full 3):
 PSYoungGen      total 16896K, used 16896K [0x00000000eab00000, 0x00000000ec080000, 0x0000000100000000)
  eden space 15872K, 100% used [0x00000000eab00000,0x00000000eba80000,0x00000000eba80000)
  from space 1024K, 100% used [0x00000000ebd00000,0x00000000ebe00000,0x00000000ebe00000)
  to   space 2560K, 0% used [0x00000000eba80000,0x00000000eba80000,0x00000000ebd00000)
 ParOldGen       total 68608K, used 67417K [0x00000000c0000000, 0x00000000c4300000, 0x00000000eab00000)
  object space 68608K, 98% used [0x00000000c0000000,0x00000000c41d6470,0x00000000c4300000)
 Metaspace       used 66631K, committed 67712K, reserved 1114112K
  class space    used 6896K, committed 7360K, reserved 1048576K
}
Event: 44.254 GC heap after
{Heap after GC invocations=50 (full 3):
 PSYoungGen      total 17408K, used 1028K [0x00000000eab00000, 0x00000000ebd80000, 0x0000000100000000)
  eden space 15872K, 0% used [0x00000000eab00000,0x00000000eab00000,0x00000000eba80000)
  from space 1536K, 66% used [0x00000000eba80000,0x00000000ebb81088,0x00000000ebc00000)
  to   space 1536K, 0% used [0x00000000ebc00000,0x00000000ebc00000,0x00000000ebd80000)
 ParOldGen       total 68608K, used 68385K [0x00000000c0000000, 0x00000000c4300000, 0x00000000eab00000)
  object space 68608K, 99% used [0x00000000c0000000,0x00000000c42c8470,0x00000000c4300000)
 Metaspace       used 66631K, committed 67712K, reserved 1114112K
  class space    used 6896K, committed 7360K, reserved 1048576K
}
Event: 44.254 GC heap before
{Heap before GC invocations=51 (full 4):
 PSYoungGen      total 17408K, used 1028K [0x00000000eab00000, 0x00000000ebd80000, 0x0000000100000000)
  eden space 15872K, 0% used [0x00000000eab00000,0x00000000eab00000,0x00000000eba80000)
  from space 1536K, 66% used [0x00000000eba80000,0x00000000ebb81088,0x00000000ebc00000)
  to   space 1536K, 0% used [0x00000000ebc00000,0x00000000ebc00000,0x00000000ebd80000)
 ParOldGen       total 68608K, used 68385K [0x00000000c0000000, 0x00000000c4300000, 0x00000000eab00000)
  object space 68608K, 99% used [0x00000000c0000000,0x00000000c42c8470,0x00000000c4300000)
 Metaspace       used 66631K, committed 67712K, reserved 1114112K
  class space    used 6896K, committed 7360K, reserved 1048576K
}
Event: 44.354 GC heap after
{Heap after GC invocations=51 (full 4):
 PSYoungGen      total 17408K, used 0K [0x00000000eab00000, 0x00000000ebd80000, 0x0000000100000000)
  eden space 15872K, 0% used [0x00000000eab00000,0x00000000eab00000,0x00000000eba80000)
  from space 1536K, 0% used [0x00000000ebc00000,0x00000000ebc00000,0x00000000ebd80000)
  to   space 1536K, 0% used [0x00000000eba80000,0x00000000eba80000,0x00000000ebc00000)
 ParOldGen       total 78848K, used 52467K [0x00000000c0000000, 0x00000000c4d00000, 0x00000000eab00000)
  object space 78848K, 66% used [0x00000000c0000000,0x00000000c333cc00,0x00000000c4d00000)
 Metaspace       used 66631K, committed 67712K, reserved 1114112K
  class space    used 6896K, committed 7360K, reserved 1048576K
}
Event: 44.944 GC heap before
{Heap before GC invocations=52 (full 4):
 PSYoungGen      total 17408K, used 15872K [0x00000000eab00000, 0x00000000ebd80000, 0x0000000100000000)
  eden space 15872K, 100% used [0x00000000eab00000,0x00000000eba80000,0x00000000eba80000)
  from space 1536K, 0% used [0x00000000ebc00000,0x00000000ebc00000,0x00000000ebd80000)
  to   space 1536K, 0% used [0x00000000eba80000,0x00000000eba80000,0x00000000ebc00000)
 ParOldGen       total 78848K, used 75507K [0x00000000c0000000, 0x00000000c4d00000, 0x00000000eab00000)
  object space 78848K, 95% used [0x00000000c0000000,0x00000000c49bcc20,0x00000000c4d00000)
 Metaspace       used 67329K, committed 68416K, reserved 1114112K
  class space    used 6950K, committed 7424K, reserved 1048576K
}
Event: 44.946 GC heap after
{Heap after GC invocations=52 (full 4):
 PSYoungGen      total 16384K, used 416K [0x00000000eab00000, 0x00000000ebc80000, 0x0000000100000000)
  eden space 15872K, 0% used [0x00000000eab00000,0x00000000eab00000,0x00000000eba80000)
  from space 512K, 81% used [0x00000000eba80000,0x00000000ebae8000,0x00000000ebb00000)
  to   space 1024K, 0% used [0x00000000ebb80000,0x00000000ebb80000,0x00000000ebc80000)
 ParOldGen       total 78848K, used 75515K [0x00000000c0000000, 0x00000000c4d00000, 0x00000000eab00000)
  object space 78848K, 95% used [0x00000000c0000000,0x00000000c49bec20,0x00000000c4d00000)
 Metaspace       used 67329K, committed 68416K, reserved 1114112K
  class space    used 6950K, committed 7424K, reserved 1048576K
}
Event: 45.472 GC heap before
{Heap before GC invocations=53 (full 4):
 PSYoungGen      total 16384K, used 16288K [0x00000000eab00000, 0x00000000ebc80000, 0x0000000100000000)
  eden space 15872K, 100% used [0x00000000eab00000,0x00000000eba80000,0x00000000eba80000)
  from space 512K, 81% used [0x00000000eba80000,0x00000000ebae8000,0x00000000ebb00000)
  to   space 1024K, 0% used [0x00000000ebb80000,0x00000000ebb80000,0x00000000ebc80000)
 ParOldGen       total 78848K, used 75515K [0x00000000c0000000, 0x00000000c4d00000, 0x00000000eab00000)
  object space 78848K, 95% used [0x00000000c0000000,0x00000000c49bec20,0x00000000c4d00000)
 Metaspace       used 67649K, committed 68672K, reserved 1114112K
  class space    used 6982K, committed 7424K, reserved 1048576K
}
Event: 45.476 GC heap after
{Heap after GC invocations=53 (full 4):
 PSYoungGen      total 13824K, used 1022K [0x00000000eab00000, 0x00000000ec280000, 0x0000000100000000)
  eden space 12800K, 0% used [0x00000000eab00000,0x00000000eab00000,0x00000000eb780000)
  from space 1024K, 99% used [0x00000000ebb80000,0x00000000ebc7fb88,0x00000000ebc80000)
  to   space 4096K, 0% used [0x00000000eb780000,0x00000000eb780000,0x00000000ebb80000)
 ParOldGen       total 78848K, used 77780K [0x00000000c0000000, 0x00000000c4d00000, 0x00000000eab00000)
  object space 78848K, 98% used [0x00000000c0000000,0x00000000c4bf50d8,0x00000000c4d00000)
 Metaspace       used 67649K, committed 68672K, reserved 1114112K
  class space    used 6982K, committed 7424K, reserved 1048576K
}
Event: 45.476 GC heap before
{Heap before GC invocations=54 (full 5):
 PSYoungGen      total 13824K, used 1022K [0x00000000eab00000, 0x00000000ec280000, 0x0000000100000000)
  eden space 12800K, 0% used [0x00000000eab00000,0x00000000eab00000,0x00000000eb780000)
  from space 1024K, 99% used [0x00000000ebb80000,0x00000000ebc7fb88,0x00000000ebc80000)
  to   space 4096K, 0% used [0x00000000eb780000,0x00000000eb780000,0x00000000ebb80000)
 ParOldGen       total 78848K, used 77780K [0x00000000c0000000, 0x00000000c4d00000, 0x00000000eab00000)
  object space 78848K, 98% used [0x00000000c0000000,0x00000000c4bf50d8,0x00000000c4d00000)
 Metaspace       used 67649K, committed 68672K, reserved 1114112K
  class space    used 6982K, committed 7424K, reserved 1048576K
}

