# JRE version: OpenJDK Runtime Environment 18.9 (11.0.13+8) (build 11.0.13+8-LTS)
# Java VM: OpenJDK 64-Bit Server VM 18.9 (11.0.13+8-LTS, mixed mode, tiered, compressed oops, g1 gc, windows-amd64)
Heap:
 garbage-first heap   total 155648K, used 43004K [0x0000000082400000, 0x0000000100000000)
  region size 1024K, 9 young (9216K), 5 survivors (5120K)
 Metaspace       used 35890K, capacity 36699K, committed 36812K, reserved 1081344K
  class space    used 3711K, capacity 4001K, committed 4096K, reserved 1048576K
GC Heap History (20 events):
Event: 0.986 GC heap before
{Heap before GC invocations=0 (full 0):
 garbage-first heap   total 129024K, used 14336K [0x0000000082400000, 0x0000000100000000)
  region size 1024K, 14 young (14336K), 0 survivors (0K)
 Metaspace       used 10958K, capacity 11145K, committed 11392K, reserved 1058816K
  class space    used 1031K, capacity 1120K, committed 1152K, reserved 1048576K
}
Event: 0.994 GC heap after
{Heap after GC invocations=1 (full 0):
 garbage-first heap   total 129024K, used 3083K [0x0000000082400000, 0x0000000100000000)
  region size 1024K, 2 young (2048K), 2 survivors (2048K)
 Metaspace       used 10958K, capacity 11145K, committed 11392K, reserved 1058816K
  class space    used 1031K, capacity 1120K, committed 1152K, reserved 1048576K
}
Event: 1.229 GC heap before
{Heap before GC invocations=1 (full 0):
 garbage-first heap   total 129024K, used 8203K [0x0000000082400000, 0x0000000100000000)
  region size 1024K, 7 young (7168K), 2 survivors (2048K)
 Metaspace       used 12369K, capacity 12533K, committed 12672K, reserved 1060864K
  class space    used 1216K, capacity 1284K, committed 1408K, reserved 1048576K
}
Event: 1.232 GC heap after
{Heap after GC invocations=2 (full 0):
 garbage-first heap   total 129024K, used 3650K [0x0000000082400000, 0x0000000100000000)
  region size 1024K, 1 young (1024K), 1 survivors (1024K)
 Metaspace       used 12369K, capacity 12533K, committed 12672K, reserved 1060864K
  class space    used 1216K, capacity 1284K, committed 1408K, reserved 1048576K
}
Event: 1.748 GC heap before
{Heap before GC invocations=2 (full 0):
 garbage-first heap   total 129024K, used 27202K [0x0000000082400000, 0x0000000100000000)
  region size 1024K, 25 young (25600K), 1 survivors (1024K)
 Metaspace       used 14782K, capacity 15005K, committed 15232K, reserved 1062912K
  class space    used 1518K, capacity 1617K, committed 1664K, reserved 1048576K
}
Event: 1.751 GC heap after
{Heap after GC invocations=3 (full 0):
 garbage-first heap   total 129024K, used 4434K [0x0000000082400000, 0x0000000100000000)
  region size 1024K, 2 young (2048K), 2 survivors (2048K)
 Metaspace       used 14782K, capacity 15005K, committed 15232K, reserved 1062912K
  class space    used 1518K, capacity 1617K, committed 1664K, reserved 1048576K
}
Event: 3.879 GC heap before
{Heap before GC invocations=3 (full 0):
 garbage-first heap   total 129024K, used 79186K [0x0000000082400000, 0x0000000100000000)
  region size 1024K, 75 young (76800K), 2 survivors (2048K)
 Metaspace       used 20877K, capacity 21212K, committed 21248K, reserved 1069056K
  class space    used 2156K, capacity 2283K, committed 2304K, reserved 1048576K
}
Event: 3.895 GC heap after
{Heap after GC invocations=4 (full 0):
 garbage-first heap   total 129024K, used 11526K [0x0000000082400000, 0x0000000100000000)
  region size 1024K, 9 young (9216K), 9 survivors (9216K)
 Metaspace       used 20877K, capacity 21212K, committed 21248K, reserved 1069056K
  class space    used 2156K, capacity 2283K, committed 2304K, reserved 1048576K
}
Event: 3.938 GC heap before
{Heap before GC invocations=4 (full 0):
 garbage-first heap   total 129024K, used 13574K [0x0000000082400000, 0x0000000100000000)
  region size 1024K, 12 young (12288K), 9 survivors (9216K)
 Metaspace       used 20893K, capacity 21212K, committed 21248K, reserved 1069056K
  class space    used 2156K, capacity 2283K, committed 2304K, reserved 1048576K
}
Event: 3.968 GC heap after
{Heap after GC invocations=5 (full 0):
 garbage-first heap   total 129024K, used 12312K [0x0000000082400000, 0x0000000100000000)
  region size 1024K, 1 young (1024K), 1 survivors (1024K)
 Metaspace       used 20893K, capacity 21212K, committed 21248K, reserved 1069056K
  class space    used 2156K, capacity 2283K, committed 2304K, reserved 1048576K
}
Event: 5.908 GC heap before
{Heap before GC invocations=6 (full 0):
 garbage-first heap   total 129024K, used 86040K [0x0000000082400000, 0x0000000100000000)
  region size 1024K, 73 young (74752K), 1 survivors (1024K)
 Metaspace       used 24863K, capacity 25388K, committed 25472K, reserved 1073152K
  class space    used 2531K, capacity 2680K, committed 2688K, reserved 1048576K
}
Event: 5.915 GC heap after
{Heap after GC invocations=7 (full 0):
 garbage-first heap   total 129024K, used 16737K [0x0000000082400000, 0x0000000100000000)
  region size 1024K, 5 young (5120K), 5 survivors (5120K)
 Metaspace       used 24863K, capacity 25388K, committed 25472K, reserved 1073152K
  class space    used 2531K, capacity 2680K, committed 2688K, reserved 1048576K
}
Event: 6.984 GC heap before
{Heap before GC invocations=7 (full 0):
 garbage-first heap   total 129024K, used 89441K [0x0000000082400000, 0x0000000100000000)
  region size 1024K, 75 young (76800K), 5 survivors (5120K)
 Metaspace       used 31000K, capacity 31610K, committed 31744K, reserved 1077248K
  class space    used 3242K, capacity 3459K, committed 3584K, reserved 1048576K
}
Event: 6.996 GC heap after
{Heap after GC invocations=8 (full 0):
 garbage-first heap   total 129024K, used 24256K [0x0000000082400000, 0x0000000100000000)
  region size 1024K, 10 young (10240K), 10 survivors (10240K)
 Metaspace       used 31000K, capacity 31610K, committed 31744K, reserved 1077248K
  class space    used 3242K, capacity 3459K, committed 3584K, reserved 1048576K
}
Event: 7.890 GC heap before
{Heap before GC invocations=8 (full 0):
 garbage-first heap   total 129024K, used 89792K [0x0000000082400000, 0x0000000100000000)
  region size 1024K, 75 young (76800K), 10 survivors (10240K)
 Metaspace       used 31755K, capacity 32378K, committed 32512K, reserved 1079296K
  class space    used 3297K, capacity 3520K, committed 3584K, reserved 1048576K
}
Event: 7.913 GC heap after
{Heap after GC invocations=9 (full 0):
 garbage-first heap   total 155648K, used 34321K [0x0000000082400000, 0x0000000100000000)
  region size 1024K, 10 young (10240K), 10 survivors (10240K)
 Metaspace       used 31755K, capacity 32378K, committed 32512K, reserved 1079296K
  class space    used 3297K, capacity 3520K, committed 3584K, reserved 1048576K
}
Event: 10.401 GC heap before
{Heap before GC invocations=9 (full 0):
 garbage-first heap   total 155648K, used 107025K [0x0000000082400000, 0x0000000100000000)
  region size 1024K, 81 young (82944K), 10 survivors (10240K)
 Metaspace       used 34468K, capacity 35238K, committed 35328K, reserved 1081344K
  class space    used 3573K, capacity 3819K, committed 3840K, reserved 1048576K
}
Event: 10.418 GC heap after
{Heap after GC invocations=10 (full 0):
 garbage-first heap   total 155648K, used 39786K [0x0000000082400000, 0x0000000100000000)
  region size 1024K, 5 young (5120K), 5 survivors (5120K)
 Metaspace       used 34468K, capacity 35238K, committed 35328K, reserved 1081344K
  class space    used 3573K, capacity 3819K, committed 3840K, reserved 1048576K
}
Event: 10.995 GC heap before
{Heap before GC invocations=10 (full 0):
 garbage-first heap   total 155648K, used 75626K [0x0000000082400000, 0x0000000100000000)
  region size 1024K, 41 young (41984K), 5 survivors (5120K)
 Metaspace       used 35068K, capacity 35824K, committed 35840K, reserved 1081344K
  class space    used 3609K, capacity 3835K, committed 3840K, reserved 1048576K
}
Event: 11.004 GC heap after
{Heap after GC invocations=11 (full 0):
 garbage-first heap   total 155648K, used 39932K [0x0000000082400000, 0x0000000100000000)
  region size 1024K, 5 young (5120K), 5 survivors (5120K)
 Metaspace       used 35068K, capacity 35824K, committed 35840K, reserved 1081344K
  class space    used 3609K, capacity 3835K, committed 3840K, reserved 1048576K
}

